<?xml version="1.0" encoding="UTF-8"?>
<!-- Generated by org.testng.reporters.JUnitReportReporter -->
<testsuite hostname="Saras" failures="0" tests="1" name="firstproject.mytest" time="0.864" errors="0" timestamp="2025-08-29T00:19:15 AST" skipped="0">
  <testcase classname="firstproject.mytest" name="MyFirstTest" time="0.864"/>
</testsuite> <!-- firstproject.mytest -->
