<?xml version="1.0" encoding="UTF-8"?>
<!-- Generated by org.testng.reporters.JUnitReportReporter -->
<testsuite hostname="Saras" failures="0" tests="1" name="Swaglab.MyTestCases" time="2.017" errors="0" timestamp="2025-08-31T23:22:31 AST" skipped="0">
  <testcase classname="Swaglab.MyTestCases" name="login" time="2.017"/>
</testsuite> <!-- Swaglab.MyTestCases -->
